<?xml version="1.0" encoding="UTF-8"?>
<!-- Generated by org.testng.reporters.JUnitReportReporter -->
<testsuite hostname="LP-5CD91295MD" failures="0" tests="2" name="demoall.example1" time="12.547" errors="0" timestamp="2022-01-14T16:27:20 IST" skipped="1">
  <testcase classname="demoall.example1" name="instagram" time="12.547"/>
  <system-out/>
  <testcase classname="demoall.example1" name="facebook">
    <skipped/>
  </testcase> <!-- facebook -->
  <system-out/>
</testsuite> <!-- demoall.example1 -->
